<?xml version="1.0" encoding="UTF-8" ?>
<testsuite tests="105" failures="8" name="se.iths.testSuites.Sprint6TestSuite" time="0.06" errors="2" skipped="3">
  <properties>
[...]
</properties>
  <testcase classname="| &quot;test/test&quot; | &quot;test&quot; |" name="Given that the mimicService is running" time="0"/>
  <testcase classname="| &quot;test/test&quot; | &quot;test&quot; |" name="When I teach the mock that &quot;test/test&quot; has response &quot;test&quot;" time="0"/>
  <testcase classname="| &quot;test/test&quot; | &quot;test&quot; |" name="Then &quot;test/test&quot; respondes with &quot;test&quot;" time="0"/>
  <testcase classname="| &quot;test/test&quot; | &quot;test&quot; |" name="| &quot;test/test&quot; | &quot;test&quot; |" time="0"/>
  <testcase classname="| &quot;te/te/te&quot; | &quot;test&quot; |" name="Given that the mimicService is running" time="0"/>
  <testcase classname="| &quot;te/te/te&quot; | &quot;test&quot; |" name="When I teach the mock that &quot;te/te/te&quot; has response &quot;test&quot;" time="0"/>
  <testcase classname="| &quot;te/te/te&quot; | &quot;test&quot; |" name="Then &quot;te/te/te&quot; respondes with &quot;test&quot;" time="0"/>
  <testcase classname="| &quot;te/te/te&quot; | &quot;test&quot; |" name="| &quot;te/te/te&quot; | &quot;test&quot; |" time="0"/>
  <testcase classname="Scenario: Calling with format &quot;/text?param&quot;" name="Given that the mimicService is running" time="0"/>
  <testcase classname="Scenario: Calling with format &quot;/text?param&quot;" name="When I make the request &quot;test?ett&quot;" time="0"/>
  <testcase classname="Scenario: Calling with format &quot;/text?param&quot;" name="Then &quot;test?ett&quot; returns the response form" time="0"/>
  <testcase classname="Scenario: Calling with format &quot;/text?param&quot;" name="Scenario: Calling with format &quot;/text?param&quot;" time="0"/>
  <testcase classname="Scenario: Mimic can learn how to respond with complex responses" name="Given that the mimicService is running" time="0"/>
  <testcase classname="Scenario: Mimic can learn how to respond with complex responses" name="And that the mock has learned &quot;montlyCost?TotalCost=10000&amp;Months=10&quot; with &quot;{ &apos;TotalCost&apos;: 10000,&apos;MontlyCost&apos;: 1000,&apos;Months&apos;: 10;}&quot;" time="0"/>
  <testcase classname="Scenario: Mimic can learn how to respond with complex responses" name="And that the mock has learned &quot;montlyCost?TotalCost=20000&amp;Months=10&quot; with &quot;{ &apos;TotalCost&apos;: 20000,&apos;MontlyCost&apos;: 2000,&apos;Months&apos;: 10;}&quot;" time="0"/>
  <testcase classname="Scenario: Mimic can learn how to respond with complex responses" name="Then &quot;montlyCost?TotalCost=30000&amp;Months=10&quot; respondes with &quot;{ &apos;TotalCost&apos;: 30000,&apos;MontlyCost&apos;: 3000,&apos;Months&apos;: 10;}&quot;" time="0"/>
  <testcase classname="Scenario: Mimic can learn how to respond with complex responses" name="Scenario: Mimic can learn how to respond with complex responses" time="0"/>
  <testcase classname="Scenario: Correcting does not produce empty responses" name="Given that the mimicService is running" time="0"/>
  <testcase classname="Scenario: Correcting does not produce empty responses" name="When I teach the mock that &quot;add?value1=10&amp;value2=20&quot; has response &quot;15&quot;" time="0"/>
  <testcase classname="Scenario: Correcting does not produce empty responses" name="And I teach the mock that &quot;add?value1=20&amp;value2=20&quot; has response &quot;30&quot;" time="0"/>
  <testcase classname="Scenario: Correcting does not produce empty responses" name="And &quot;add?value1=1&amp;value2=2&quot; does not responde with &quot;3&quot;" time="0"/>
  <testcase classname="Scenario: Correcting does not produce empty responses" name="And I teach the mock that &quot;add?value1=1&amp;value2=2&quot; has response &quot;3&quot;" time="0"/>
  <testcase classname="Scenario: Correcting does not produce empty responses" name="Then &quot;add?value1=2&amp;value2=2&quot; does not return an empty response" time="0"/>
  <testcase classname="Scenario: Correcting does not produce empty responses" name="Scenario: Correcting does not produce empty responses" time="0"/>
  <testcase classname="Scenario: LearnNextResponse without paramaters" name="Given that the mimicService is running" time="0"/>
  <testcase classname="Scenario: LearnNextResponse without paramaters" name="And I open the browser with the request &quot;LearnNextResponse&quot;" time="0"/>
  <testcase classname="Scenario: LearnNextResponse without paramaters" name="And I input &quot;4&quot; in the response form and press the Learn button" time="0.015">
    <error message="no such element: Unable to locate element: {&quot;method&quot;:&quot;xpath&quot;,&quot;selector&quot;:&quot;/html/body/form/textarea&quot;}
  (Session info: chrome=66.0.3359.139)
  (Driver info: chromedriver=2.38.552522 (437e6fbedfa8762dec75e2c5b3ddb86763dc9dcb),platform=Windows NT 10.0.16299 x86_64) (WARNING: The server did not provide any stacktrace information)
Command duration or timeout: 0 milliseconds
For documentation on this error, please visit: http://seleniumhq.org/exceptions/no_such_element.html
Build info: version: &apos;3.11.0&apos;, revision: &apos;e59cfb3&apos;, time: &apos;2018-03-11T20:26:55.152Z&apos;
System info: host: &apos;LAPTOP-1A0S11AO&apos;, ip: &apos;192.168.1.95&apos;, os.name: &apos;Windows 10&apos;, os.arch: &apos;amd64&apos;, os.version: &apos;10.0&apos;, java.version: &apos;1.8.0_144&apos;
Driver info: org.openqa.selenium.chrome.ChromeDriver
Capabilities {acceptInsecureCerts: false, acceptSslCerts: false, applicationCacheEnabled: false, browserConnectionEnabled: false, browserName: chrome, chrome: {chromedriverVersion: 2.38.552522 (437e6fbedfa876..., userDataDir: C:\Users\LARSS_~1\AppData\L...}, cssSelectorsEnabled: true, databaseEnabled: false, handlesAlerts: true, hasTouchScreen: false, javascriptEnabled: true, locationContextEnabled: true, mobileEmulationEnabled: false, nativeEvents: true, networkConnectionEnabled: false, pageLoadStrategy: normal, platform: XP, platformName: XP, rotatable: false, setWindowRect: true, takesHeapSnapshot: true, takesScreenshot: true, unexpectedAlertBehaviour: , unhandledPromptBehavior: , version: 66.0.3359.139, webStorageEnabled: true}
Session ID: 4305214f72e62e5568077cef7e5b0c35
*** Element info: {Using=xpath, value=/html/body/form/textarea}" type="org.openqa.selenium.NoSuchElementException">org.openqa.selenium.NoSuchElementException: no such element: Unable to locate element: {&quot;method&quot;:&quot;xpath&quot;,&quot;selector&quot;:&quot;/html/body/form/textarea&quot;}
  (Session info: chrome=66.0.3359.139)
  (Driver info: chromedriver=2.38.552522 (437e6fbedfa8762dec75e2c5b3ddb86763dc9dcb),platform=Windows NT 10.0.16299 x86_64) (WARNING: The server did not provide any stacktrace information)
Command duration or timeout: 0 milliseconds
For documentation on this error, please visit: http://seleniumhq.org/exceptions/no_such_element.html
Build info: version: &apos;3.11.0&apos;, revision: &apos;e59cfb3&apos;, time: &apos;2018-03-11T20:26:55.152Z&apos;
System info: host: &apos;LAPTOP-1A0S11AO&apos;, ip: &apos;192.168.1.95&apos;, os.name: &apos;Windows 10&apos;, os.arch: &apos;amd64&apos;, os.version: &apos;10.0&apos;, java.version: &apos;1.8.0_144&apos;
Driver info: org.openqa.selenium.chrome.ChromeDriver
Capabilities {acceptInsecureCerts: false, acceptSslCerts: false, applicationCacheEnabled: false, browserConnectionEnabled: false, browserName: chrome, chrome: {chromedriverVersion: 2.38.552522 (437e6fbedfa876..., userDataDir: C:\Users\LARSS_~1\AppData\L...}, cssSelectorsEnabled: true, databaseEnabled: false, handlesAlerts: true, hasTouchScreen: false, javascriptEnabled: true, locationContextEnabled: true, mobileEmulationEnabled: false, nativeEvents: true, networkConnectionEnabled: false, pageLoadStrategy: normal, platform: XP, platformName: XP, rotatable: false, setWindowRect: true, takesHeapSnapshot: true, takesScreenshot: true, unexpectedAlertBehaviour: , unhandledPromptBehavior: , version: 66.0.3359.139, webStorageEnabled: true}
Session ID: 4305214f72e62e5568077cef7e5b0c35
*** Element info: {Using=xpath, value=/html/body/form/textarea}
	at sun.reflect.NativeConstructorAccessorImpl.newInstance0(Native Method)
	at sun.reflect.NativeConstructorAccessorImpl.newInstance(NativeConstructorAccessorImpl.java:62)
	at sun.reflect.DelegatingConstructorAccessorImpl.newInstance(DelegatingConstructorAccessorImpl.java:45)
	at java.lang.reflect.Constructor.newInstance(Constructor.java:423)
	at org.openqa.selenium.remote.ErrorHandler.createThrowable(ErrorHandler.java:214)
	at org.openqa.selenium.remote.ErrorHandler.throwIfResponseFailed(ErrorHandler.java:166)
	at org.openqa.selenium.remote.http.JsonHttpResponseCodec.reconstructValue(JsonHttpResponseCodec.java:40)
	at org.openqa.selenium.remote.http.AbstractHttpResponseCodec.decode(AbstractHttpResponseCodec.java:80)
	at org.openqa.selenium.remote.http.AbstractHttpResponseCodec.decode(AbstractHttpResponseCodec.java:44)
	at org.openqa.selenium.remote.HttpCommandExecutor.execute(HttpCommandExecutor.java:158)
	at org.openqa.selenium.remote.service.DriverCommandExecutor.execute(DriverCommandExecutor.java:83)
	at org.openqa.selenium.remote.RemoteWebDriver.execute(RemoteWebDriver.java:545)
	at org.openqa.selenium.remote.RemoteWebDriver.findElement(RemoteWebDriver.java:319)
	at org.openqa.selenium.remote.RemoteWebDriver.findElementByXPath(RemoteWebDriver.java:421)
	at org.openqa.selenium.By$ByXPath.findElement(By.java:361)
	at org.openqa.selenium.remote.RemoteWebDriver.findElement(RemoteWebDriver.java:311)
	at se.iths.helpers.MimicGuiSelenium.sendText(MimicGuiSelenium.java:35)
	at se.iths.stepDefs.SeleniumStepDef.i_input_in_the_response_form_and_press_learn(SeleniumStepDef.java:71)
	at ✽.And I input &quot;4&quot; in the response form and press the Learn button(se/iths/testGUI/GUILearnNextResponse.feature:10)
</error>
  </testcase>
  <testcase classname="Scenario: LearnNextResponse without paramaters" name="Scenario: LearnNextResponse without paramaters" time="0.015">
    <error message="no such element: Unable to locate element: {&quot;method&quot;:&quot;xpath&quot;,&quot;selector&quot;:&quot;/html/body/form/textarea&quot;}
  (Session info: chrome=66.0.3359.139)
  (Driver info: chromedriver=2.38.552522 (437e6fbedfa8762dec75e2c5b3ddb86763dc9dcb),platform=Windows NT 10.0.16299 x86_64) (WARNING: The server did not provide any stacktrace information)
Command duration or timeout: 0 milliseconds
For documentation on this error, please visit: http://seleniumhq.org/exceptions/no_such_element.html
Build info: version: &apos;3.11.0&apos;, revision: &apos;e59cfb3&apos;, time: &apos;2018-03-11T20:26:55.152Z&apos;
System info: host: &apos;LAPTOP-1A0S11AO&apos;, ip: &apos;192.168.1.95&apos;, os.name: &apos;Windows 10&apos;, os.arch: &apos;amd64&apos;, os.version: &apos;10.0&apos;, java.version: &apos;1.8.0_144&apos;
Driver info: org.openqa.selenium.chrome.ChromeDriver
Capabilities {acceptInsecureCerts: false, acceptSslCerts: false, applicationCacheEnabled: false, browserConnectionEnabled: false, browserName: chrome, chrome: {chromedriverVersion: 2.38.552522 (437e6fbedfa876..., userDataDir: C:\Users\LARSS_~1\AppData\L...}, cssSelectorsEnabled: true, databaseEnabled: false, handlesAlerts: true, hasTouchScreen: false, javascriptEnabled: true, locationContextEnabled: true, mobileEmulationEnabled: false, nativeEvents: true, networkConnectionEnabled: false, pageLoadStrategy: normal, platform: XP, platformName: XP, rotatable: false, setWindowRect: true, takesHeapSnapshot: true, takesScreenshot: true, unexpectedAlertBehaviour: , unhandledPromptBehavior: , version: 66.0.3359.139, webStorageEnabled: true}
Session ID: 4305214f72e62e5568077cef7e5b0c35
*** Element info: {Using=xpath, value=/html/body/form/textarea}" type="org.openqa.selenium.NoSuchElementException">org.openqa.selenium.NoSuchElementException: no such element: Unable to locate element: {&quot;method&quot;:&quot;xpath&quot;,&quot;selector&quot;:&quot;/html/body/form/textarea&quot;}
  (Session info: chrome=66.0.3359.139)
  (Driver info: chromedriver=2.38.552522 (437e6fbedfa8762dec75e2c5b3ddb86763dc9dcb),platform=Windows NT 10.0.16299 x86_64) (WARNING: The server did not provide any stacktrace information)
Command duration or timeout: 0 milliseconds
For documentation on this error, please visit: http://seleniumhq.org/exceptions/no_such_element.html
Build info: version: &apos;3.11.0&apos;, revision: &apos;e59cfb3&apos;, time: &apos;2018-03-11T20:26:55.152Z&apos;
System info: host: &apos;LAPTOP-1A0S11AO&apos;, ip: &apos;192.168.1.95&apos;, os.name: &apos;Windows 10&apos;, os.arch: &apos;amd64&apos;, os.version: &apos;10.0&apos;, java.version: &apos;1.8.0_144&apos;
Driver info: org.openqa.selenium.chrome.ChromeDriver
Capabilities {acceptInsecureCerts: false, acceptSslCerts: false, applicationCacheEnabled: false, browserConnectionEnabled: false, browserName: chrome, chrome: {chromedriverVersion: 2.38.552522 (437e6fbedfa876..., userDataDir: C:\Users\LARSS_~1\AppData\L...}, cssSelectorsEnabled: true, databaseEnabled: false, handlesAlerts: true, hasTouchScreen: false, javascriptEnabled: true, locationContextEnabled: true, mobileEmulationEnabled: false, nativeEvents: true, networkConnectionEnabled: false, pageLoadStrategy: normal, platform: XP, platformName: XP, rotatable: false, setWindowRect: true, takesHeapSnapshot: true, takesScreenshot: true, unexpectedAlertBehaviour: , unhandledPromptBehavior: , version: 66.0.3359.139, webStorageEnabled: true}
Session ID: 4305214f72e62e5568077cef7e5b0c35
*** Element info: {Using=xpath, value=/html/body/form/textarea}
	at sun.reflect.NativeConstructorAccessorImpl.newInstance0(Native Method)
	at sun.reflect.NativeConstructorAccessorImpl.newInstance(NativeConstructorAccessorImpl.java:62)
	at sun.reflect.DelegatingConstructorAccessorImpl.newInstance(DelegatingConstructorAccessorImpl.java:45)
	at java.lang.reflect.Constructor.newInstance(Constructor.java:423)
	at org.openqa.selenium.remote.ErrorHandler.createThrowable(ErrorHandler.java:214)
	at org.openqa.selenium.remote.ErrorHandler.throwIfResponseFailed(ErrorHandler.java:166)
	at org.openqa.selenium.remote.http.JsonHttpResponseCodec.reconstructValue(JsonHttpResponseCodec.java:40)
	at org.openqa.selenium.remote.http.AbstractHttpResponseCodec.decode(AbstractHttpResponseCodec.java:80)
	at org.openqa.selenium.remote.http.AbstractHttpResponseCodec.decode(AbstractHttpResponseCodec.java:44)
	at org.openqa.selenium.remote.HttpCommandExecutor.execute(HttpCommandExecutor.java:158)
	at org.openqa.selenium.remote.service.DriverCommandExecutor.execute(DriverCommandExecutor.java:83)
	at org.openqa.selenium.remote.RemoteWebDriver.execute(RemoteWebDriver.java:545)
	at org.openqa.selenium.remote.RemoteWebDriver.findElement(RemoteWebDriver.java:319)
	at org.openqa.selenium.remote.RemoteWebDriver.findElementByXPath(RemoteWebDriver.java:421)
	at org.openqa.selenium.By$ByXPath.findElement(By.java:361)
	at org.openqa.selenium.remote.RemoteWebDriver.findElement(RemoteWebDriver.java:311)
	at se.iths.helpers.MimicGuiSelenium.sendText(MimicGuiSelenium.java:35)
	at se.iths.stepDefs.SeleniumStepDef.i_input_in_the_response_form_and_press_learn(SeleniumStepDef.java:71)
	at ✽.And I input &quot;4&quot; in the response form and press the Learn button(se/iths/testGUI/GUILearnNextResponse.feature:10)
</error>
  </testcase>
  <testcase classname="Scenario: LearnNextResponse without paramaters" name="And I enter the request &quot;2+2&quot;" time="0.015">
    <skipped/>
  </testcase>
  <testcase classname="Scenario: LearnNextResponse without paramaters" name="Then &quot;2+2&quot; respondes with &quot;4&quot;" time="0.015">
    <skipped/>
  </testcase>
  <testcase classname="| &quot;TEXT&quot; | &quot;TextMime&quot; | &quot;text/plain;&quot; |" name="Given that the mimicService is running" time="0"/>
  <testcase classname="| &quot;TEXT&quot; | &quot;TextMime&quot; | &quot;text/plain;&quot; |" name="When I open the browser with the request &quot;TEXT&quot;" time="0"/>
  <testcase classname="| &quot;TEXT&quot; | &quot;TextMime&quot; | &quot;text/plain;&quot; |" name="And I input &quot;TextMime&quot; in the response form" time="0"/>
  <testcase classname="| &quot;TEXT&quot; | &quot;TextMime&quot; | &quot;text/plain;&quot; |" name="And I press the learn button" time="0"/>
  <testcase classname="| &quot;TEXT&quot; | &quot;TextMime&quot; | &quot;text/plain;&quot; |" name="And the browser is closed" time="0"/>
  <testcase classname="| &quot;TEXT&quot; | &quot;TextMime&quot; | &quot;text/plain;&quot; |" name="Then the request &quot;TEXT&quot; has the mime type &quot;text/plain;&quot;" time="0"/>
  <testcase classname="| &quot;TEXT&quot; | &quot;TextMime&quot; | &quot;text/plain;&quot; |" name="| &quot;TEXT&quot; | &quot;TextMime&quot; | &quot;text/plain;&quot; |" time="0"/>
  <testcase classname="| &quot;JSON&quot; | &quot;{ &apos;name&apos;:&apos;John&apos;, &apos;age&apos;:30 }&quot; | &quot;application/json;&quot; |" name="Given that the mimicService is running" time="0"/>
  <testcase classname="| &quot;JSON&quot; | &quot;{ &apos;name&apos;:&apos;John&apos;, &apos;age&apos;:30 }&quot; | &quot;application/json;&quot; |" name="When I open the browser with the request &quot;JSON&quot;" time="0"/>
  <testcase classname="| &quot;JSON&quot; | &quot;{ &apos;name&apos;:&apos;John&apos;, &apos;age&apos;:30 }&quot; | &quot;application/json;&quot; |" name="And I input &quot;{ &apos;name&apos;:&apos;John&apos;, &apos;age&apos;:30 }&quot; in the response form" time="0"/>
  <testcase classname="| &quot;JSON&quot; | &quot;{ &apos;name&apos;:&apos;John&apos;, &apos;age&apos;:30 }&quot; | &quot;application/json;&quot; |" name="And I press the learn button" time="0"/>
  <testcase classname="| &quot;JSON&quot; | &quot;{ &apos;name&apos;:&apos;John&apos;, &apos;age&apos;:30 }&quot; | &quot;application/json;&quot; |" name="And the browser is closed" time="0"/>
  <testcase classname="| &quot;JSON&quot; | &quot;{ &apos;name&apos;:&apos;John&apos;, &apos;age&apos;:30 }&quot; | &quot;application/json;&quot; |" name="Then the request &quot;JSON&quot; has the mime type &quot;application/json;&quot;" time="0">
    <failure type="java.lang.AssertionError">java.lang.AssertionError
	at org.junit.Assert.fail(Assert.java:86)
	at org.junit.Assert.assertTrue(Assert.java:41)
	at org.junit.Assert.assertTrue(Assert.java:52)
	at se.iths.stepDefs.MimicStepDef.the_request_has_the_mime_type(MimicStepDef.java:113)
	at ✽.Then the request &quot;JSON&quot; has the mime type &quot;application/json;&quot;(se/iths/testGUI/ResponseForm.feature:23)
</failure>
  </testcase>
  <testcase classname="| &quot;JSON&quot; | &quot;{ &apos;name&apos;:&apos;John&apos;, &apos;age&apos;:30 }&quot; | &quot;application/json;&quot; |" name="| &quot;JSON&quot; | &quot;{ &apos;name&apos;:&apos;John&apos;, &apos;age&apos;:30 }&quot; | &quot;application/json;&quot; |" time="0">
    <failure type="java.lang.AssertionError">java.lang.AssertionError
	at org.junit.Assert.fail(Assert.java:86)
	at org.junit.Assert.assertTrue(Assert.java:41)
	at org.junit.Assert.assertTrue(Assert.java:52)
	at se.iths.stepDefs.MimicStepDef.the_request_has_the_mime_type(MimicStepDef.java:113)
	at ✽.Then the request &quot;JSON&quot; has the mime type &quot;application/json;&quot;(se/iths/testGUI/ResponseForm.feature:23)
</failure>
  </testcase>
  <testcase classname="| &quot;XML&quot; | &quot;&lt;note&gt;&lt;to&gt;Test&lt;/to&gt;&lt;/note&gt;&quot; | &quot;application/xml;&quot; |" name="Given that the mimicService is running" time="0"/>
  <testcase classname="| &quot;XML&quot; | &quot;&lt;note&gt;&lt;to&gt;Test&lt;/to&gt;&lt;/note&gt;&quot; | &quot;application/xml;&quot; |" name="When I open the browser with the request &quot;XML&quot;" time="0"/>
  <testcase classname="| &quot;XML&quot; | &quot;&lt;note&gt;&lt;to&gt;Test&lt;/to&gt;&lt;/note&gt;&quot; | &quot;application/xml;&quot; |" name="And I input &quot;&lt;note&gt;&lt;to&gt;Test&lt;/to&gt;&lt;/note&gt;&quot; in the response form" time="0"/>
  <testcase classname="| &quot;XML&quot; | &quot;&lt;note&gt;&lt;to&gt;Test&lt;/to&gt;&lt;/note&gt;&quot; | &quot;application/xml;&quot; |" name="And I press the learn button" time="0"/>
  <testcase classname="| &quot;XML&quot; | &quot;&lt;note&gt;&lt;to&gt;Test&lt;/to&gt;&lt;/note&gt;&quot; | &quot;application/xml;&quot; |" name="And the browser is closed" time="0"/>
  <testcase classname="| &quot;XML&quot; | &quot;&lt;note&gt;&lt;to&gt;Test&lt;/to&gt;&lt;/note&gt;&quot; | &quot;application/xml;&quot; |" name="Then the request &quot;XML&quot; has the mime type &quot;application/xml;&quot;" time="0">
    <failure type="java.lang.AssertionError">java.lang.AssertionError
	at org.junit.Assert.fail(Assert.java:86)
	at org.junit.Assert.assertTrue(Assert.java:41)
	at org.junit.Assert.assertTrue(Assert.java:52)
	at se.iths.stepDefs.MimicStepDef.the_request_has_the_mime_type(MimicStepDef.java:113)
	at ✽.Then the request &quot;XML&quot; has the mime type &quot;application/xml;&quot;(se/iths/testGUI/ResponseForm.feature:23)
</failure>
  </testcase>
  <testcase classname="| &quot;XML&quot; | &quot;&lt;note&gt;&lt;to&gt;Test&lt;/to&gt;&lt;/note&gt;&quot; | &quot;application/xml;&quot; |" name="| &quot;XML&quot; | &quot;&lt;note&gt;&lt;to&gt;Test&lt;/to&gt;&lt;/note&gt;&quot; | &quot;application/xml;&quot; |" time="0">
    <failure type="java.lang.AssertionError">java.lang.AssertionError
	at org.junit.Assert.fail(Assert.java:86)
	at org.junit.Assert.assertTrue(Assert.java:41)
	at org.junit.Assert.assertTrue(Assert.java:52)
	at se.iths.stepDefs.MimicStepDef.the_request_has_the_mime_type(MimicStepDef.java:113)
	at ✽.Then the request &quot;XML&quot; has the mime type &quot;application/xml;&quot;(se/iths/testGUI/ResponseForm.feature:23)
</failure>
  </testcase>
  <testcase classname="| &quot;HTML&quot; | &quot;&lt;html&gt;Det här är HTML&lt;/html&gt;&quot; | &quot;text/html;&quot; |" name="Given that the mimicService is running" time="0"/>
  <testcase classname="| &quot;HTML&quot; | &quot;&lt;html&gt;Det här är HTML&lt;/html&gt;&quot; | &quot;text/html;&quot; |" name="When I open the browser with the request &quot;HTML&quot;" time="0"/>
  <testcase classname="| &quot;HTML&quot; | &quot;&lt;html&gt;Det här är HTML&lt;/html&gt;&quot; | &quot;text/html;&quot; |" name="And I input &quot;&lt;html&gt;Det här är HTML&lt;/html&gt;&quot; in the response form" time="0"/>
  <testcase classname="| &quot;HTML&quot; | &quot;&lt;html&gt;Det här är HTML&lt;/html&gt;&quot; | &quot;text/html;&quot; |" name="And I press the learn button" time="0"/>
  <testcase classname="| &quot;HTML&quot; | &quot;&lt;html&gt;Det här är HTML&lt;/html&gt;&quot; | &quot;text/html;&quot; |" name="And the browser is closed" time="0"/>
  <testcase classname="| &quot;HTML&quot; | &quot;&lt;html&gt;Det här är HTML&lt;/html&gt;&quot; | &quot;text/html;&quot; |" name="Then the request &quot;HTML&quot; has the mime type &quot;text/html;&quot;" time="0">
    <failure type="java.lang.AssertionError">java.lang.AssertionError
	at org.junit.Assert.fail(Assert.java:86)
	at org.junit.Assert.assertTrue(Assert.java:41)
	at org.junit.Assert.assertTrue(Assert.java:52)
	at se.iths.stepDefs.MimicStepDef.the_request_has_the_mime_type(MimicStepDef.java:113)
	at ✽.Then the request &quot;HTML&quot; has the mime type &quot;text/html;&quot;(se/iths/testGUI/ResponseForm.feature:23)
</failure>
  </testcase>
  <testcase classname="| &quot;HTML&quot; | &quot;&lt;html&gt;Det här är HTML&lt;/html&gt;&quot; | &quot;text/html;&quot; |" name="| &quot;HTML&quot; | &quot;&lt;html&gt;Det här är HTML&lt;/html&gt;&quot; | &quot;text/html;&quot; |" time="0">
    <failure type="java.lang.AssertionError">java.lang.AssertionError
	at org.junit.Assert.fail(Assert.java:86)
	at org.junit.Assert.assertTrue(Assert.java:41)
	at org.junit.Assert.assertTrue(Assert.java:52)
	at se.iths.stepDefs.MimicStepDef.the_request_has_the_mime_type(MimicStepDef.java:113)
	at ✽.Then the request &quot;HTML&quot; has the mime type &quot;text/html;&quot;(se/iths/testGUI/ResponseForm.feature:23)
</failure>
  </testcase>
  <testcase classname="| &quot;TEXT&quot; | &quot;TextMime&quot; | &quot;text/plain;&quot; |" name="Given that the mimicService is running" time="0"/>
  <testcase classname="| &quot;TEXT&quot; | &quot;TextMime&quot; | &quot;text/plain;&quot; |" name="When I open the browser with the request &quot;TEXT&quot;" time="0"/>
  <testcase classname="| &quot;TEXT&quot; | &quot;TextMime&quot; | &quot;text/plain;&quot; |" name="And I set mime type as &quot;TEXT&quot;" time="0"/>
  <testcase classname="| &quot;TEXT&quot; | &quot;TextMime&quot; | &quot;text/plain;&quot; |" name="And I input &quot;TextMime&quot; in the response form" time="0"/>
  <testcase classname="| &quot;TEXT&quot; | &quot;TextMime&quot; | &quot;text/plain;&quot; |" name="And I press the learn button" time="0"/>
  <testcase classname="| &quot;TEXT&quot; | &quot;TextMime&quot; | &quot;text/plain;&quot; |" name="And the browser is closed" time="0"/>
  <testcase classname="| &quot;TEXT&quot; | &quot;TextMime&quot; | &quot;text/plain;&quot; |" name="Then the request &quot;TEXT&quot; has the mime type &quot;text/plain;&quot;" time="0"/>
  <testcase classname="| &quot;TEXT&quot; | &quot;TextMime&quot; | &quot;text/plain;&quot; |" name="| &quot;TEXT&quot; | &quot;TextMime&quot; | &quot;text/plain;&quot; |" time="0"/>
  <testcase classname="| &quot;JSON&quot; | &quot;{ /&apos;name/&apos;:/&apos;John/&apos;, /&apos;age/&apos;:30 }&quot; | &quot;application/json;&quot; |" name="Given that the mimicService is running" time="0"/>
  <testcase classname="| &quot;JSON&quot; | &quot;{ /&apos;name/&apos;:/&apos;John/&apos;, /&apos;age/&apos;:30 }&quot; | &quot;application/json;&quot; |" name="When I open the browser with the request &quot;JSON&quot;" time="0"/>
  <testcase classname="| &quot;JSON&quot; | &quot;{ /&apos;name/&apos;:/&apos;John/&apos;, /&apos;age/&apos;:30 }&quot; | &quot;application/json;&quot; |" name="And I set mime type as &quot;JSON&quot;" time="0"/>
  <testcase classname="| &quot;JSON&quot; | &quot;{ /&apos;name/&apos;:/&apos;John/&apos;, /&apos;age/&apos;:30 }&quot; | &quot;application/json;&quot; |" name="And I input &quot;{ /&apos;name/&apos;:/&apos;John/&apos;, /&apos;age/&apos;:30 }&quot; in the response form" time="0"/>
  <testcase classname="| &quot;JSON&quot; | &quot;{ /&apos;name/&apos;:/&apos;John/&apos;, /&apos;age/&apos;:30 }&quot; | &quot;application/json;&quot; |" name="And I press the learn button" time="0"/>
  <testcase classname="| &quot;JSON&quot; | &quot;{ /&apos;name/&apos;:/&apos;John/&apos;, /&apos;age/&apos;:30 }&quot; | &quot;application/json;&quot; |" name="And the browser is closed" time="0"/>
  <testcase classname="| &quot;JSON&quot; | &quot;{ /&apos;name/&apos;:/&apos;John/&apos;, /&apos;age/&apos;:30 }&quot; | &quot;application/json;&quot; |" name="Then the request &quot;JSON&quot; has the mime type &quot;application/json;&quot;" time="0"/>
  <testcase classname="| &quot;JSON&quot; | &quot;{ /&apos;name/&apos;:/&apos;John/&apos;, /&apos;age/&apos;:30 }&quot; | &quot;application/json;&quot; |" name="| &quot;JSON&quot; | &quot;{ /&apos;name/&apos;:/&apos;John/&apos;, /&apos;age/&apos;:30 }&quot; | &quot;application/json;&quot; |" time="0"/>
  <testcase classname="| &quot;XML&quot; | &quot;&lt;note&gt;&lt;to&gt;Test&lt;/to&gt;&lt;/note&gt;&quot; | &quot;application/xml;&quot; |" name="Given that the mimicService is running" time="0"/>
  <testcase classname="| &quot;XML&quot; | &quot;&lt;note&gt;&lt;to&gt;Test&lt;/to&gt;&lt;/note&gt;&quot; | &quot;application/xml;&quot; |" name="When I open the browser with the request &quot;XML&quot;" time="0"/>
  <testcase classname="| &quot;XML&quot; | &quot;&lt;note&gt;&lt;to&gt;Test&lt;/to&gt;&lt;/note&gt;&quot; | &quot;application/xml;&quot; |" name="And I set mime type as &quot;XML&quot;" time="0"/>
  <testcase classname="| &quot;XML&quot; | &quot;&lt;note&gt;&lt;to&gt;Test&lt;/to&gt;&lt;/note&gt;&quot; | &quot;application/xml;&quot; |" name="And I input &quot;&lt;note&gt;&lt;to&gt;Test&lt;/to&gt;&lt;/note&gt;&quot; in the response form" time="0"/>
  <testcase classname="| &quot;XML&quot; | &quot;&lt;note&gt;&lt;to&gt;Test&lt;/to&gt;&lt;/note&gt;&quot; | &quot;application/xml;&quot; |" name="And I press the learn button" time="0"/>
  <testcase classname="| &quot;XML&quot; | &quot;&lt;note&gt;&lt;to&gt;Test&lt;/to&gt;&lt;/note&gt;&quot; | &quot;application/xml;&quot; |" name="And the browser is closed" time="0"/>
  <testcase classname="| &quot;XML&quot; | &quot;&lt;note&gt;&lt;to&gt;Test&lt;/to&gt;&lt;/note&gt;&quot; | &quot;application/xml;&quot; |" name="Then the request &quot;XML&quot; has the mime type &quot;application/xml;&quot;" time="0"/>
  <testcase classname="| &quot;XML&quot; | &quot;&lt;note&gt;&lt;to&gt;Test&lt;/to&gt;&lt;/note&gt;&quot; | &quot;application/xml;&quot; |" name="| &quot;XML&quot; | &quot;&lt;note&gt;&lt;to&gt;Test&lt;/to&gt;&lt;/note&gt;&quot; | &quot;application/xml;&quot; |" time="0"/>
  <testcase classname="| &quot;HTML&quot; | &quot;&lt;html&gt; Det här är HTML &lt;/html&gt;&quot; | &quot;text/html;&quot; |" name="Given that the mimicService is running" time="0"/>
  <testcase classname="| &quot;HTML&quot; | &quot;&lt;html&gt; Det här är HTML &lt;/html&gt;&quot; | &quot;text/html;&quot; |" name="When I open the browser with the request &quot;HTML&quot;" time="0"/>
  <testcase classname="| &quot;HTML&quot; | &quot;&lt;html&gt; Det här är HTML &lt;/html&gt;&quot; | &quot;text/html;&quot; |" name="And I set mime type as &quot;HTML&quot;" time="0"/>
  <testcase classname="| &quot;HTML&quot; | &quot;&lt;html&gt; Det här är HTML &lt;/html&gt;&quot; | &quot;text/html;&quot; |" name="And I input &quot;&lt;html&gt; Det här är HTML &lt;/html&gt;&quot; in the response form" time="0"/>
  <testcase classname="| &quot;HTML&quot; | &quot;&lt;html&gt; Det här är HTML &lt;/html&gt;&quot; | &quot;text/html;&quot; |" name="And I press the learn button" time="0"/>
  <testcase classname="| &quot;HTML&quot; | &quot;&lt;html&gt; Det här är HTML &lt;/html&gt;&quot; | &quot;text/html;&quot; |" name="And the browser is closed" time="0"/>
  <testcase classname="| &quot;HTML&quot; | &quot;&lt;html&gt; Det här är HTML &lt;/html&gt;&quot; | &quot;text/html;&quot; |" name="Then the request &quot;HTML&quot; has the mime type &quot;text/html;&quot;" time="0"/>
  <testcase classname="| &quot;HTML&quot; | &quot;&lt;html&gt; Det här är HTML &lt;/html&gt;&quot; | &quot;text/html;&quot; |" name="| &quot;HTML&quot; | &quot;&lt;html&gt; Det här är HTML &lt;/html&gt;&quot; | &quot;text/html;&quot; |" time="0"/>
  <testcase classname="Scenario: Click on requests in ViewRequests to view the response" name="Given that the mimicService is running" time="0"/>
  <testcase classname="Scenario: Click on requests in ViewRequests to view the response" name="When I open the browser" time="0"/>
  <testcase classname="Scenario: Click on requests in ViewRequests to view the response" name="And I teach Mimic the below requests and responses" time="0"/>
  <testcase classname="Scenario: Click on requests in ViewRequests to view the response" name="And I make a /viewRequests request" time="0"/>
  <testcase classname="Scenario: Click on requests in ViewRequests to view the response" name="Then all requests below are clickable and displays the corresponding response" time="0"/>
  <testcase classname="Scenario: Click on requests in ViewRequests to view the response" name="And the browser is closed" time="0"/>
  <testcase classname="Scenario: Click on requests in ViewRequests to view the response" name="Scenario: Click on requests in ViewRequests to view the response" time="0"/>
  <testcase classname="Scenario: A request with multiple states displays the selected" name="Given that the mimicService is running" time="0"/>
  <testcase classname="Scenario: A request with multiple states displays the selected" name="When I open the browser" time="0"/>
  <testcase classname="Scenario: A request with multiple states displays the selected" name="And I add the states below to the request &quot;numbers&quot;" time="0"/>
  <testcase classname="Scenario: A request with multiple states displays the selected" name="And I make a /viewRequests request" time="0"/>
  <testcase classname="Scenario: A request with multiple states displays the selected" name="And I click state &quot;3&quot; in the viewRequests overview" time="0"/>
  <testcase classname="Scenario: A request with multiple states displays the selected" name="Then &quot;three&quot; is displayed" time="0">
    <failure message="expected:&lt;[thre]e&gt; but was:&lt;[on]e&gt;" type="org.junit.ComparisonFailure">org.junit.ComparisonFailure: expected:&lt;[thre]e&gt; but was:&lt;[on]e&gt;
	at org.junit.Assert.assertEquals(Assert.java:115)
	at org.junit.Assert.assertEquals(Assert.java:144)
	at se.iths.stepDefs.SeleniumStepDef.is_displayed(SeleniumStepDef.java:151)
	at ✽.Then &quot;three&quot; is displayed(se/iths/testGUI/ViewRequests.feature:66)
</failure>
  </testcase>
  <testcase classname="Scenario: A request with multiple states displays the selected" name="Scenario: A request with multiple states displays the selected" time="0">
    <failure message="expected:&lt;[thre]e&gt; but was:&lt;[on]e&gt;" type="org.junit.ComparisonFailure">org.junit.ComparisonFailure: expected:&lt;[thre]e&gt; but was:&lt;[on]e&gt;
	at org.junit.Assert.assertEquals(Assert.java:115)
	at org.junit.Assert.assertEquals(Assert.java:144)
	at se.iths.stepDefs.SeleniumStepDef.is_displayed(SeleniumStepDef.java:151)
	at ✽.Then &quot;three&quot; is displayed(se/iths/testGUI/ViewRequests.feature:66)
</failure>
  </testcase>
  <testcase classname="Scenario: A request with multiple states displays the selected" name="And the browser is closed" time="0">
    <skipped/>
  </testcase>
</testsuite>